{
  "stats": {
    "suites": 1,
    "tests": 5,
    "passes": 4,
    "pending": 1,
    "failures": 0,
    "start": "2020-07-09T12:28:13.946Z",
    "end": "2020-07-09T12:28:41.065Z",
    "duration": 27119,
    "testsRegistered": 5,
    "passPercent": 100,
    "pendingPercent": 20,
    "other": 0,
    "hasOther": false,
    "skipped": 0,
    "hasSkipped": false
  },
  "results": [
    {
      "uuid": "95355bce-9da9-4876-8001-646e27e74e3e",
      "title": "",
      "fullFile": "cypress\\integration\\ecommerce\\registration-spec.js",
      "file": "cypress\\integration\\ecommerce\\registration-spec.js",
      "beforeHooks": [],
      "afterHooks": [],
      "tests": [],
      "suites": [
        {
          "uuid": "d48e88c5-0d14-4dbc-a45c-3df88bc0cd5f",
          "title": "User Registration Feature",
          "fullFile": "",
          "file": "",
          "beforeHooks": [],
          "afterHooks": [],
          "tests": [
            {
              "title": "validate user is navigated to register page",
              "fullTitle": "User Registration Feature validate user is navigated to register page",
              "timedOut": null,
              "duration": 4433,
              "state": "passed",
              "speed": "slow",
              "pass": true,
              "fail": false,
              "pending": false,
              "context": null,
              "code": "cy.get(\"h1\").should(\"have.text\", \"Register\");\ncy.get(\"#register-button\").should(\"be.visible\").and(\"have.value\", \"Register\");",
              "err": {},
              "uuid": "375178d0-6160-41e2-bc5f-aba7088f1d8f",
              "parentUUID": "d48e88c5-0d14-4dbc-a45c-3df88bc0cd5f",
              "isHook": false,
              "skipped": false
            },
            {
              "title": "validate user cannot register without filling data in mandatory fields",
              "fullTitle": "User Registration Feature validate user cannot register without filling data in mandatory fields",
              "timedOut": null,
              "duration": 5444,
              "state": "passed",
              "speed": "slow",
              "pass": true,
              "fail": false,
              "pending": false,
              "context": null,
              "code": "page.submitRegistrationForm();\npage.errorMessagesValidation();",
              "err": {},
              "uuid": "83e1ff1a-7047-4c61-bb43-23769c21f3bd",
              "parentUUID": "d48e88c5-0d14-4dbc-a45c-3df88bc0cd5f",
              "isHook": false,
              "skipped": false
            },
            {
              "title": "validate error message when password & confirm password does not match",
              "fullTitle": "User Registration Feature validate error message when password & confirm password does not match",
              "timedOut": null,
              "duration": 6116,
              "state": "passed",
              "speed": "slow",
              "pass": true,
              "fail": false,
              "pending": false,
              "context": null,
              "code": "cy.fixture(\"users\").as(\"user\").then(function (user) {\n  page.fillPersonalInfo(user.register.firstName, user.register.lastName, user.register.email);\n  page.fillCompanyName(user.register.companyName);\n  page.fillPassword(user.register.password, user.register.confirmPass);\n  page.submitRegistrationForm();\n  cy.get(\"#ConfirmPassword-error\").should(\"be.visible\").and(\"contain.text\", \"The password and confirmation password do not match.\");\n});",
              "err": {},
              "uuid": "79e6bb16-d8f3-4bf5-947d-304826263a6b",
              "parentUUID": "d48e88c5-0d14-4dbc-a45c-3df88bc0cd5f",
              "isHook": false,
              "skipped": false
            },
            {
              "title": "validate user cannot register with existing email",
              "fullTitle": "User Registration Feature validate user cannot register with existing email",
              "timedOut": null,
              "duration": 8416,
              "state": "passed",
              "speed": "slow",
              "pass": true,
              "fail": false,
              "pending": false,
              "context": null,
              "code": "cy.fixture(\"users\").as(\"user\").then(function (user) {\n  page.fillPersonalInfo(user.register.firstName, user.register.lastName, user.register.existingEmmail);\n  page.fillCompanyName(user.register.companyName);\n  page.fillPassword(user.register.password, user.register.confirmPassword);\n  page.submitRegistrationForm();\n  cy.get(\"div[class='message-error validation-summary-errors'] > ul > li\").should(\"be.visible\").and(\"contain.text\", \"The specified email already exists\");\n});",
              "err": {},
              "uuid": "f07b4ca9-7732-40d6-a62f-1c03434c82e7",
              "parentUUID": "d48e88c5-0d14-4dbc-a45c-3df88bc0cd5f",
              "isHook": false,
              "skipped": false
            },
            {
              "title": "validate user can register an account",
              "fullTitle": "User Registration Feature validate user can register an account",
              "timedOut": null,
              "duration": 0,
              "state": "pending",
              "speed": null,
              "pass": false,
              "fail": false,
              "pending": true,
              "context": null,
              "code": "",
              "err": {},
              "uuid": "449dd55b-d569-434e-a512-a09d00326178",
              "parentUUID": "d48e88c5-0d14-4dbc-a45c-3df88bc0cd5f",
              "isHook": false,
              "skipped": false
            }
          ],
          "suites": [],
          "passes": [
            "375178d0-6160-41e2-bc5f-aba7088f1d8f",
            "83e1ff1a-7047-4c61-bb43-23769c21f3bd",
            "79e6bb16-d8f3-4bf5-947d-304826263a6b",
            "f07b4ca9-7732-40d6-a62f-1c03434c82e7"
          ],
          "failures": [],
          "pending": [
            "449dd55b-d569-434e-a512-a09d00326178"
          ],
          "skipped": [],
          "duration": 24409,
          "root": false,
          "rootEmpty": false,
          "_timeout": 2000
        }
      ],
      "passes": [],
      "failures": [],
      "pending": [],
      "skipped": [],
      "duration": 0,
      "root": true,
      "rootEmpty": true,
      "_timeout": 2000
    }
  ],
  "meta": {
    "mocha": {
      "version": "7.0.1"
    },
    "mochawesome": {
      "options": {
        "quiet": false,
        "reportFilename": "mochawesome",
        "saveHtml": false,
        "saveJson": true,
        "consoleReporter": "spec",
        "useInlineDiffs": false
      },
      "version": "4.1.0"
    },
    "marge": {
      "options": {
        "reportDir": "cypress/reports/mocha",
        "overwrite": false,
        "html": false,
        "json": true
      },
      "version": "4.1.0"
    }
  }
}