{
  "stats": {
    "suites": 1,
    "tests": 7,
    "passes": 5,
    "pending": 1,
    "failures": 1,
    "start": "2020-07-09T12:27:14.372Z",
    "end": "2020-07-09T12:28:03.409Z",
    "duration": 49037,
    "testsRegistered": 7,
    "passPercent": 83.33333333333334,
    "pendingPercent": 14.285714285714285,
    "other": 0,
    "hasOther": false,
    "skipped": 0,
    "hasSkipped": false
  },
  "results": [
    {
      "uuid": "618c3c72-105c-483a-b753-1a527cbba2e8",
      "title": "",
      "fullFile": "cypress\\integration\\ecommerce\\login-spec.js",
      "file": "cypress\\integration\\ecommerce\\login-spec.js",
      "beforeHooks": [],
      "afterHooks": [],
      "tests": [],
      "suites": [
        {
          "uuid": "5284708a-6dd0-490c-b32b-891cca873dae",
          "title": "User Login Feature",
          "fullFile": "",
          "file": "",
          "beforeHooks": [],
          "afterHooks": [],
          "tests": [
            {
              "title": "Verify user is navigated to login page",
              "fullTitle": "User Login Feature Verify user is navigated to login page",
              "timedOut": null,
              "duration": 6904,
              "state": "passed",
              "speed": "slow",
              "pass": true,
              "fail": false,
              "pending": false,
              "context": null,
              "code": "page.validateElements();",
              "err": {},
              "uuid": "9e3c502f-4603-488a-99a2-cbb0be70121a",
              "parentUUID": "5284708a-6dd0-490c-b32b-891cca873dae",
              "isHook": false,
              "skipped": false
            },
            {
              "title": "Verify user cannot login with blank email and password",
              "fullTitle": "User Login Feature Verify user cannot login with blank email and password",
              "timedOut": null,
              "duration": 5026,
              "state": "passed",
              "speed": "slow",
              "pass": true,
              "fail": false,
              "pending": false,
              "context": null,
              "code": "page.submitLogin();\ncy.get(\"#Email-error\").should(\"be.visible\").and(\"contain.text\", \"Please enter your email\");",
              "err": {},
              "uuid": "41aec060-165a-46a7-ad93-2ae11ecb8e29",
              "parentUUID": "5284708a-6dd0-490c-b32b-891cca873dae",
              "isHook": false,
              "skipped": false
            },
            {
              "title": "Verify user cannot login with invalid email and valid password",
              "fullTitle": "User Login Feature Verify user cannot login with invalid email and valid password",
              "timedOut": null,
              "duration": 11933,
              "state": "failed",
              "speed": null,
              "pass": false,
              "fail": true,
              "pending": false,
              "context": "\"cypress/reports/moachreports/ecommerce/ecommerce\\\\login-spec.js/User Login Feature -- Verify user cannot login with invalid email and valid password (failed).png\"",
              "code": "cy.fixture(\"users.json\").as(\"data\").then(function (data) {\n  page.typeEmail(data.login.invalidEmail);\n  page.typePassword(data.login.password);\n  page.submitLogin();\n});\ncy.get(\"div[class = 'message-error validation-summary-errors']\").should(\"be.visible\").and(\"contain.text\", \"Login was unsuccessful. Please correct the errors and try again.\");\ncy.get(\"div[class = 'message-error validation-summary-errors'] > ul > li\").should(\"have.text\", \"abc\");",
              "err": {
                "message": "AssertionError: Timed out retrying: expected '<li>' to have text 'abc', but the text was 'No customer account found'",
                "estack": "AssertionError: Timed out retrying: expected '<li>' to have text 'abc', but the text was 'No customer account found'\n    at Context.eval (https://demo.nopcommerce.com/__cypress/tests?p=cypress\\integration\\ecommerce\\login-spec.js:61:80)",
                "diff": "- 'No customer account found'\n+ 'abc'\n"
              },
              "uuid": "646fb7bc-21d0-4760-97b0-19a01a866c28",
              "parentUUID": "5284708a-6dd0-490c-b32b-891cca873dae",
              "isHook": false,
              "skipped": false
            },
            {
              "title": "Verify user cannot login with valid email and blank password",
              "fullTitle": "User Login Feature Verify user cannot login with valid email and blank password",
              "timedOut": null,
              "duration": 7946,
              "state": "passed",
              "speed": "slow",
              "pass": true,
              "fail": false,
              "pending": false,
              "context": null,
              "code": "cy.fixture(\"users.json\").as(\"data\").then(function (data) {\n  page.typeEmail(data.login.email);\n  page.submitLogin();\n});\ncy.get(\"div[class = 'message-error validation-summary-errors']\").should(\"be.visible\").and(\"contain.text\", \"Login was unsuccessful. Please correct the errors and try again.\");\ncy.get(\"div[class = 'message-error validation-summary-errors'] > ul > li\").should(\"have.text\", \"The credentials provided are incorrect\");",
              "err": {},
              "uuid": "073dfbe2-f8be-4df1-aa7b-89aa6ce44410",
              "parentUUID": "5284708a-6dd0-490c-b32b-891cca873dae",
              "isHook": false,
              "skipped": false
            },
            {
              "title": "Verify user cannot login with valid email and invalid password",
              "fullTitle": "User Login Feature Verify user cannot login with valid email and invalid password",
              "timedOut": null,
              "duration": 7888,
              "state": "passed",
              "speed": "slow",
              "pass": true,
              "fail": false,
              "pending": false,
              "context": null,
              "code": "cy.fixture(\"users.json\").as(\"data\").then(function (data) {\n  page.typeEmail(data.login.email);\n  page.typePassword(data.login.invalidPassword);\n  page.submitLogin();\n});\ncy.get(\"div[class = 'message-error validation-summary-errors']\").should(\"be.visible\").and(\"contain.text\", \"Login was unsuccessful. Please correct the errors and try again.\");\ncy.get(\"div[class = 'message-error validation-summary-errors'] > ul > li\").should(\"have.text\", \"The credentials provided are incorrect\");",
              "err": {},
              "uuid": "c3fa62e8-884d-47cd-8707-7de2a597f3c4",
              "parentUUID": "5284708a-6dd0-490c-b32b-891cca873dae",
              "isHook": false,
              "skipped": false
            },
            {
              "title": "Verify user cannot login with invalid email and password",
              "fullTitle": "User Login Feature Verify user cannot login with invalid email and password",
              "timedOut": null,
              "duration": 5093,
              "state": "passed",
              "speed": "slow",
              "pass": true,
              "fail": false,
              "pending": false,
              "context": null,
              "code": "cy.fixture(\"users.json\").as(\"data\").then(function (data) {\n  page.typeEmail(data.login.invalidEmail);\n  page.typePassword(data.login.invalidPassword);\n  page.submitLogin();\n});\ncy.get(\"div[class = 'message-error validation-summary-errors'] > ul > li\").should(\"have.text\", \"No customer account found\");",
              "err": {},
              "uuid": "7b8e4a0a-93a8-4f70-86ac-f65a45afef51",
              "parentUUID": "5284708a-6dd0-490c-b32b-891cca873dae",
              "isHook": false,
              "skipped": false
            },
            {
              "title": "Verify user can successfully login valid email and password",
              "fullTitle": "User Login Feature Verify user can successfully login valid email and password",
              "timedOut": null,
              "duration": 0,
              "state": "pending",
              "speed": null,
              "pass": false,
              "fail": false,
              "pending": true,
              "context": null,
              "code": "",
              "err": {},
              "uuid": "540e07d9-593c-4926-8fb5-9fae0f928380",
              "parentUUID": "5284708a-6dd0-490c-b32b-891cca873dae",
              "isHook": false,
              "skipped": false
            }
          ],
          "suites": [],
          "passes": [
            "9e3c502f-4603-488a-99a2-cbb0be70121a",
            "41aec060-165a-46a7-ad93-2ae11ecb8e29",
            "073dfbe2-f8be-4df1-aa7b-89aa6ce44410",
            "c3fa62e8-884d-47cd-8707-7de2a597f3c4",
            "7b8e4a0a-93a8-4f70-86ac-f65a45afef51"
          ],
          "failures": [
            "646fb7bc-21d0-4760-97b0-19a01a866c28"
          ],
          "pending": [
            "540e07d9-593c-4926-8fb5-9fae0f928380"
          ],
          "skipped": [],
          "duration": 44790,
          "root": false,
          "rootEmpty": false,
          "_timeout": 2000
        }
      ],
      "passes": [],
      "failures": [],
      "pending": [],
      "skipped": [],
      "duration": 0,
      "root": true,
      "rootEmpty": true,
      "_timeout": 2000
    }
  ],
  "meta": {
    "mocha": {
      "version": "7.0.1"
    },
    "mochawesome": {
      "options": {
        "quiet": false,
        "reportFilename": "mochawesome",
        "saveHtml": false,
        "saveJson": true,
        "consoleReporter": "spec",
        "useInlineDiffs": false
      },
      "version": "4.1.0"
    },
    "marge": {
      "options": {
        "reportDir": "cypress/reports/mocha",
        "overwrite": false,
        "html": false,
        "json": true
      },
      "version": "4.1.0"
    }
  }
}