{
  "stats": {
    "suites": 2,
    "tests": 12,
    "passes": 9,
    "pending": 2,
    "failures": 1,
    "start": "2020-07-09T12:28:50.854Z",
    "end": "2020-07-09T12:28:50.854Z",
    "duration": 69199,
    "testsRegistered": 12,
    "passPercent": 75,
    "pendingPercent": 16.666666666666668,
    "other": 0,
    "hasOther": false,
    "skipped": 0,
    "hasSkipped": false
  },
  "results": [
    {
      "uuid": "95355bce-9da9-4876-8001-646e27e74e3e",
      "title": "",
      "fullFile": "cypress\\integration\\ecommerce\\registration-spec.js",
      "file": "cypress\\integration\\ecommerce\\registration-spec.js",
      "beforeHooks": [],
      "afterHooks": [],
      "tests": [],
      "suites": [
        {
          "uuid": "d48e88c5-0d14-4dbc-a45c-3df88bc0cd5f",
          "title": "User Registration Feature",
          "fullFile": "",
          "file": "",
          "beforeHooks": [],
          "afterHooks": [],
          "tests": [
            {
              "title": "validate user is navigated to register page",
              "fullTitle": "User Registration Feature validate user is navigated to register page",
              "timedOut": null,
              "duration": 4433,
              "state": "passed",
              "speed": "slow",
              "pass": true,
              "fail": false,
              "pending": false,
              "context": null,
              "code": "cy.get(\"h1\").should(\"have.text\", \"Register\");\ncy.get(\"#register-button\").should(\"be.visible\").and(\"have.value\", \"Register\");",
              "err": {},
              "uuid": "375178d0-6160-41e2-bc5f-aba7088f1d8f",
              "parentUUID": "d48e88c5-0d14-4dbc-a45c-3df88bc0cd5f",
              "isHook": false,
              "skipped": false
            },
            {
              "title": "validate user cannot register without filling data in mandatory fields",
              "fullTitle": "User Registration Feature validate user cannot register without filling data in mandatory fields",
              "timedOut": null,
              "duration": 5444,
              "state": "passed",
              "speed": "slow",
              "pass": true,
              "fail": false,
              "pending": false,
              "context": null,
              "code": "page.submitRegistrationForm();\npage.errorMessagesValidation();",
              "err": {},
              "uuid": "83e1ff1a-7047-4c61-bb43-23769c21f3bd",
              "parentUUID": "d48e88c5-0d14-4dbc-a45c-3df88bc0cd5f",
              "isHook": false,
              "skipped": false
            },
            {
              "title": "validate error message when password & confirm password does not match",
              "fullTitle": "User Registration Feature validate error message when password & confirm password does not match",
              "timedOut": null,
              "duration": 6116,
              "state": "passed",
              "speed": "slow",
              "pass": true,
              "fail": false,
              "pending": false,
              "context": null,
              "code": "cy.fixture(\"users\").as(\"user\").then(function (user) {\n  page.fillPersonalInfo(user.register.firstName, user.register.lastName, user.register.email);\n  page.fillCompanyName(user.register.companyName);\n  page.fillPassword(user.register.password, user.register.confirmPass);\n  page.submitRegistrationForm();\n  cy.get(\"#ConfirmPassword-error\").should(\"be.visible\").and(\"contain.text\", \"The password and confirmation password do not match.\");\n});",
              "err": {},
              "uuid": "79e6bb16-d8f3-4bf5-947d-304826263a6b",
              "parentUUID": "d48e88c5-0d14-4dbc-a45c-3df88bc0cd5f",
              "isHook": false,
              "skipped": false
            },
            {
              "title": "validate user cannot register with existing email",
              "fullTitle": "User Registration Feature validate user cannot register with existing email",
              "timedOut": null,
              "duration": 8416,
              "state": "passed",
              "speed": "slow",
              "pass": true,
              "fail": false,
              "pending": false,
              "context": null,
              "code": "cy.fixture(\"users\").as(\"user\").then(function (user) {\n  page.fillPersonalInfo(user.register.firstName, user.register.lastName, user.register.existingEmmail);\n  page.fillCompanyName(user.register.companyName);\n  page.fillPassword(user.register.password, user.register.confirmPassword);\n  page.submitRegistrationForm();\n  cy.get(\"div[class='message-error validation-summary-errors'] > ul > li\").should(\"be.visible\").and(\"contain.text\", \"The specified email already exists\");\n});",
              "err": {},
              "uuid": "f07b4ca9-7732-40d6-a62f-1c03434c82e7",
              "parentUUID": "d48e88c5-0d14-4dbc-a45c-3df88bc0cd5f",
              "isHook": false,
              "skipped": false
            },
            {
              "title": "validate user can register an account",
              "fullTitle": "User Registration Feature validate user can register an account",
              "timedOut": null,
              "duration": 0,
              "state": "pending",
              "speed": null,
              "pass": false,
              "fail": false,
              "pending": true,
              "context": null,
              "code": "",
              "err": {},
              "uuid": "449dd55b-d569-434e-a512-a09d00326178",
              "parentUUID": "d48e88c5-0d14-4dbc-a45c-3df88bc0cd5f",
              "isHook": false,
              "skipped": false
            }
          ],
          "suites": [],
          "passes": [
            "375178d0-6160-41e2-bc5f-aba7088f1d8f",
            "83e1ff1a-7047-4c61-bb43-23769c21f3bd",
            "79e6bb16-d8f3-4bf5-947d-304826263a6b",
            "f07b4ca9-7732-40d6-a62f-1c03434c82e7"
          ],
          "failures": [],
          "pending": [
            "449dd55b-d569-434e-a512-a09d00326178"
          ],
          "skipped": [],
          "duration": 24409,
          "root": false,
          "rootEmpty": false,
          "_timeout": 2000
        }
      ],
      "passes": [],
      "failures": [],
      "pending": [],
      "skipped": [],
      "duration": 0,
      "root": true,
      "rootEmpty": true,
      "_timeout": 2000
    },
    {
      "uuid": "618c3c72-105c-483a-b753-1a527cbba2e8",
      "title": "",
      "fullFile": "cypress\\integration\\ecommerce\\login-spec.js",
      "file": "cypress\\integration\\ecommerce\\login-spec.js",
      "beforeHooks": [],
      "afterHooks": [],
      "tests": [],
      "suites": [
        {
          "uuid": "5284708a-6dd0-490c-b32b-891cca873dae",
          "title": "User Login Feature",
          "fullFile": "",
          "file": "",
          "beforeHooks": [],
          "afterHooks": [],
          "tests": [
            {
              "title": "Verify user is navigated to login page",
              "fullTitle": "User Login Feature Verify user is navigated to login page",
              "timedOut": null,
              "duration": 6904,
              "state": "passed",
              "speed": "slow",
              "pass": true,
              "fail": false,
              "pending": false,
              "context": null,
              "code": "page.validateElements();",
              "err": {},
              "uuid": "9e3c502f-4603-488a-99a2-cbb0be70121a",
              "parentUUID": "5284708a-6dd0-490c-b32b-891cca873dae",
              "isHook": false,
              "skipped": false
            },
            {
              "title": "Verify user cannot login with blank email and password",
              "fullTitle": "User Login Feature Verify user cannot login with blank email and password",
              "timedOut": null,
              "duration": 5026,
              "state": "passed",
              "speed": "slow",
              "pass": true,
              "fail": false,
              "pending": false,
              "context": null,
              "code": "page.submitLogin();\ncy.get(\"#Email-error\").should(\"be.visible\").and(\"contain.text\", \"Please enter your email\");",
              "err": {},
              "uuid": "41aec060-165a-46a7-ad93-2ae11ecb8e29",
              "parentUUID": "5284708a-6dd0-490c-b32b-891cca873dae",
              "isHook": false,
              "skipped": false
            },
            {
              "title": "Verify user cannot login with invalid email and valid password",
              "fullTitle": "User Login Feature Verify user cannot login with invalid email and valid password",
              "timedOut": null,
              "duration": 11933,
              "state": "failed",
              "speed": null,
              "pass": false,
              "fail": true,
              "pending": false,
              "context": "\"cypress/reports/moachreports/ecommerce/ecommerce\\\\login-spec.js/User Login Feature -- Verify user cannot login with invalid email and valid password (failed).png\"",
              "code": "cy.fixture(\"users.json\").as(\"data\").then(function (data) {\n  page.typeEmail(data.login.invalidEmail);\n  page.typePassword(data.login.password);\n  page.submitLogin();\n});\ncy.get(\"div[class = 'message-error validation-summary-errors']\").should(\"be.visible\").and(\"contain.text\", \"Login was unsuccessful. Please correct the errors and try again.\");\ncy.get(\"div[class = 'message-error validation-summary-errors'] > ul > li\").should(\"have.text\", \"abc\");",
              "err": {
                "message": "AssertionError: Timed out retrying: expected '<li>' to have text 'abc', but the text was 'No customer account found'",
                "estack": "AssertionError: Timed out retrying: expected '<li>' to have text 'abc', but the text was 'No customer account found'\n    at Context.eval (https://demo.nopcommerce.com/__cypress/tests?p=cypress\\integration\\ecommerce\\login-spec.js:61:80)",
                "diff": "- 'No customer account found'\n+ 'abc'\n"
              },
              "uuid": "646fb7bc-21d0-4760-97b0-19a01a866c28",
              "parentUUID": "5284708a-6dd0-490c-b32b-891cca873dae",
              "isHook": false,
              "skipped": false
            },
            {
              "title": "Verify user cannot login with valid email and blank password",
              "fullTitle": "User Login Feature Verify user cannot login with valid email and blank password",
              "timedOut": null,
              "duration": 7946,
              "state": "passed",
              "speed": "slow",
              "pass": true,
              "fail": false,
              "pending": false,
              "context": null,
              "code": "cy.fixture(\"users.json\").as(\"data\").then(function (data) {\n  page.typeEmail(data.login.email);\n  page.submitLogin();\n});\ncy.get(\"div[class = 'message-error validation-summary-errors']\").should(\"be.visible\").and(\"contain.text\", \"Login was unsuccessful. Please correct the errors and try again.\");\ncy.get(\"div[class = 'message-error validation-summary-errors'] > ul > li\").should(\"have.text\", \"The credentials provided are incorrect\");",
              "err": {},
              "uuid": "073dfbe2-f8be-4df1-aa7b-89aa6ce44410",
              "parentUUID": "5284708a-6dd0-490c-b32b-891cca873dae",
              "isHook": false,
              "skipped": false
            },
            {
              "title": "Verify user cannot login with valid email and invalid password",
              "fullTitle": "User Login Feature Verify user cannot login with valid email and invalid password",
              "timedOut": null,
              "duration": 7888,
              "state": "passed",
              "speed": "slow",
              "pass": true,
              "fail": false,
              "pending": false,
              "context": null,
              "code": "cy.fixture(\"users.json\").as(\"data\").then(function (data) {\n  page.typeEmail(data.login.email);\n  page.typePassword(data.login.invalidPassword);\n  page.submitLogin();\n});\ncy.get(\"div[class = 'message-error validation-summary-errors']\").should(\"be.visible\").and(\"contain.text\", \"Login was unsuccessful. Please correct the errors and try again.\");\ncy.get(\"div[class = 'message-error validation-summary-errors'] > ul > li\").should(\"have.text\", \"The credentials provided are incorrect\");",
              "err": {},
              "uuid": "c3fa62e8-884d-47cd-8707-7de2a597f3c4",
              "parentUUID": "5284708a-6dd0-490c-b32b-891cca873dae",
              "isHook": false,
              "skipped": false
            },
            {
              "title": "Verify user cannot login with invalid email and password",
              "fullTitle": "User Login Feature Verify user cannot login with invalid email and password",
              "timedOut": null,
              "duration": 5093,
              "state": "passed",
              "speed": "slow",
              "pass": true,
              "fail": false,
              "pending": false,
              "context": null,
              "code": "cy.fixture(\"users.json\").as(\"data\").then(function (data) {\n  page.typeEmail(data.login.invalidEmail);\n  page.typePassword(data.login.invalidPassword);\n  page.submitLogin();\n});\ncy.get(\"div[class = 'message-error validation-summary-errors'] > ul > li\").should(\"have.text\", \"No customer account found\");",
              "err": {},
              "uuid": "7b8e4a0a-93a8-4f70-86ac-f65a45afef51",
              "parentUUID": "5284708a-6dd0-490c-b32b-891cca873dae",
              "isHook": false,
              "skipped": false
            },
            {
              "title": "Verify user can successfully login valid email and password",
              "fullTitle": "User Login Feature Verify user can successfully login valid email and password",
              "timedOut": null,
              "duration": 0,
              "state": "pending",
              "speed": null,
              "pass": false,
              "fail": false,
              "pending": true,
              "context": null,
              "code": "",
              "err": {},
              "uuid": "540e07d9-593c-4926-8fb5-9fae0f928380",
              "parentUUID": "5284708a-6dd0-490c-b32b-891cca873dae",
              "isHook": false,
              "skipped": false
            }
          ],
          "suites": [],
          "passes": [
            "9e3c502f-4603-488a-99a2-cbb0be70121a",
            "41aec060-165a-46a7-ad93-2ae11ecb8e29",
            "073dfbe2-f8be-4df1-aa7b-89aa6ce44410",
            "c3fa62e8-884d-47cd-8707-7de2a597f3c4",
            "7b8e4a0a-93a8-4f70-86ac-f65a45afef51"
          ],
          "failures": [
            "646fb7bc-21d0-4760-97b0-19a01a866c28"
          ],
          "pending": [
            "540e07d9-593c-4926-8fb5-9fae0f928380"
          ],
          "skipped": [],
          "duration": 44790,
          "root": false,
          "rootEmpty": false,
          "_timeout": 2000
        }
      ],
      "passes": [],
      "failures": [],
      "pending": [],
      "skipped": [],
      "duration": 0,
      "root": true,
      "rootEmpty": true,
      "_timeout": 2000
    }
  ],
  "meta": {
    "mocha": {
      "version": "7.0.1"
    },
    "mochawesome": {
      "options": {
        "quiet": false,
        "reportFilename": "mochawesome",
        "saveHtml": false,
        "saveJson": true,
        "consoleReporter": "spec",
        "useInlineDiffs": false
      },
      "version": "4.1.0"
    },
    "marge": {
      "options": {
        "reportDir": "cypress/reports/mocha",
        "overwrite": false,
        "html": false,
        "json": true
      },
      "version": "4.1.0"
    }
  }
}